<?xml version="1.0" encoding="UTF-8"?>
<!-- Generated by org.testng.reporters.JUnitXMLReporter -->
<testsuite ignored="1" hostname="LAPTOP-52HQ09C9" failures="0" tests="7" name="Car loon" time="0.024" errors="0" timestamp="2023-05-20T00:02:15 CDT">
  <testcase classname="test.day3" name="beforeClass" time="0.0"/>
  <testcase classname="test.day3" name="beforeClass" time="0.001"/>
  <testcase classname="test.day3" name="beforeClass" time="0.0"/>
  <testcase classname="test.day3" name="loginAPICarloan" time="0.001"/>
  <testcase classname="test.day3" name="mobilloginCarloan" time="0.0"/>
  <testcase classname="test.day3" name="mobilsignoutCarloan" time="0.005"/>
  <testcase classname="test.day3" name="webloginCaarloan" time="0.0"/>
  <testcase classname="test.day3" name="mobilsigninCarloan" time="0.0">
    <ignored/>
  </testcase> <!-- mobilsigninCarloan -->
</testsuite> <!-- Car loon -->
