<?xml version="1.0" encoding="UTF-8"?>
<!-- Generated by org.testng.reporters.JUnitXMLReporter -->
<testsuite ignored="1" hostname="LAPTOP-52HQ09C9" failures="0" tests="5" name="Personal loon" time="0.039" errors="0" timestamp="2023-05-20T00:02:15 CDT">
  <testcase classname="test.day1" name="demo" time="0.004"/>
  <testcase classname="test.day2" name="ploan" time="0.001"/>
  <testcase classname="test.day4" name="loginAPIhomeloan" time="0.0"/>
  <testcase classname="test.day4" name="mobilloginhomeloan" time="0.001"/>
  <testcase classname="test.day4" name="webloginhomeloan" time="0.001"/>
  <testcase classname="test.day1" name="secondTest" time="0.0">
    <ignored/>
  </testcase> <!-- secondTest -->
</testsuite> <!-- Personal loon -->
