<?xml version="1.0" encoding="UTF-8"?>
<!-- Generated by org.testng.reporters.JUnitXMLReporter -->
<testsuite ignored="8" hostname="LAPTOP-52HQ09C9" failures="0" tests="3" name="Regression" time="0.055" errors="0" timestamp="2023-05-19T14:05:22 CDT">
  <testcase classname="test.day1" name="demo" time="0.008"/>
  <testcase classname="test.day2" name="ploan" time="0.0"/>
  <testcase classname="test.day4" name="loginAPIhomeloan" time="0.001"/>
  <testcase classname="test.day3" name="webloginCaarloan" time="0.0">
    <ignored/>
  </testcase> <!-- webloginCaarloan -->
  <testcase classname="test.day3" name="loginAPICarloan" time="0.0">
    <ignored/>
  </testcase> <!-- loginAPICarloan -->
  <testcase classname="test.day3" name="mobilsignoutCarloan" time="0.0">
    <ignored/>
  </testcase> <!-- mobilsignoutCarloan -->
  <testcase classname="test.day3" name="mobilloginCarloan" time="0.0">
    <ignored/>
  </testcase> <!-- mobilloginCarloan -->
  <testcase classname="test.day1" name="secondTest" time="0.0">
    <ignored/>
  </testcase> <!-- secondTest -->
  <testcase classname="test.day4" name="mobilloginhomeloan" time="0.0">
    <ignored/>
  </testcase> <!-- mobilloginhomeloan -->
  <testcase classname="test.day3" name="mobilsigninCarloan" time="0.0">
    <ignored/>
  </testcase> <!-- mobilsigninCarloan -->
  <testcase classname="test.day4" name="webloginhomeloan" time="0.0">
    <ignored/>
  </testcase> <!-- webloginhomeloan -->
</testsuite> <!-- Regression -->
